<?xml version="1.0" encoding="UTF-8"?>
<!-- Generated by org.testng.reporters.JUnitReportReporter -->
<testsuite hostname="ASN69" failures="0" tests="28" name="page.HomePageTest" time="18.123" errors="0" timestamp="2022-10-02T01:34:07 EDT" skipped="27">
  <testcase classname="page.HomePageTest" name="setASpecificSizeOfWindow" time="18.123"/>
  <system-out/>
  <testcase classname="page.HomePageTest" name="use_of_getTitle">
    <skipped/>
  </testcase> <!-- use_of_getTitle -->
  <system-out/>
  <testcase classname="page.HomePageTest" name="searchInput">
    <skipped/>
  </testcase> <!-- searchInput -->
  <system-out/>
  <testcase classname="page.HomePageTest" name="use_of_sendKeys_mathod">
    <skipped/>
  </testcase> <!-- use_of_sendKeys_mathod -->
  <system-out/>
  <testcase classname="page.HomePageTest" name="logotest1">
    <skipped/>
  </testcase> <!-- logotest1 -->
  <system-out/>
  <testcase classname="page.HomePageTest" name="logoTest3">
    <skipped/>
  </testcase> <!-- logoTest3 -->
  <system-out/>
  <testcase classname="page.HomePageTest" name="searchButtonTest1">
    <skipped/>
  </testcase> <!-- searchButtonTest1 -->
  <system-out/>
  <testcase classname="page.HomePageTest" name="menButtonTest">
    <skipped/>
  </testcase> <!-- menButtonTest -->
  <system-out/>
  <testcase classname="page.HomePageTest" name="privacyRightTest">
    <skipped/>
  </testcase> <!-- privacyRightTest -->
  <system-out/>
  <testcase classname="page.HomePageTest" name="signInButtonTest">
    <skipped/>
  </testcase> <!-- signInButtonTest -->
  <system-out/>
  <testcase classname="page.HomePageTest" name="use_of_getText">
    <skipped/>
  </testcase> <!-- use_of_getText -->
  <system-out/>
  <testcase classname="page.HomePageTest" name="allCategories">
    <skipped/>
  </testcase> <!-- allCategories -->
  <system-out/>
  <testcase classname="page.HomePageTest" name="use_of_navigate_method">
    <skipped/>
  </testcase> <!-- use_of_navigate_method -->
  <system-out/>
  <testcase classname="page.HomePageTest" name="shopTest">
    <skipped/>
  </testcase> <!-- shopTest -->
  <system-out/>
  <testcase classname="page.HomePageTest" name="newfeaturedTest1">
    <skipped/>
  </testcase> <!-- newfeaturedTest1 -->
  <system-out/>
  <testcase classname="page.HomePageTest" name="use_of_sendKeys_mathod_then_click_submit_and_then_clear">
    <skipped/>
  </testcase> <!-- use_of_sendKeys_mathod_then_click_submit_and_then_clear -->
  <system-out/>
  <testcase classname="page.HomePageTest" name="userIdFeildClickTest">
    <skipped/>
  </testcase> <!-- userIdFeildClickTest -->
  <system-out/>
  <testcase classname="page.HomePageTest" name="use_of_getAttribute_method">
    <skipped/>
  </testcase> <!-- use_of_getAttribute_method -->
  <system-out/>
  <testcase classname="page.HomePageTest" name="getHelpTest">
    <skipped/>
  </testcase> <!-- getHelpTest -->
  <system-out/>
  <testcase classname="page.HomePageTest" name="logoTest">
    <skipped/>
  </testcase> <!-- logoTest -->
  <system-out/>
  <testcase classname="page.HomePageTest" name="use_of_getCureentUrl_method">
    <skipped/>
  </testcase> <!-- use_of_getCureentUrl_method -->
  <system-out/>
  <testcase classname="page.HomePageTest" name="newFeaturedTest">
    <skipped/>
  </testcase> <!-- newFeaturedTest -->
  <system-out/>
  <testcase classname="page.HomePageTest" name="userNameTest">
    <skipped/>
  </testcase> <!-- userNameTest -->
  <system-out/>
  <testcase classname="page.HomePageTest" name="signIn">
    <skipped/>
  </testcase> <!-- signIn -->
  <system-out/>
  <testcase classname="page.HomePageTest" name="searchButtonTest">
    <skipped/>
  </testcase> <!-- searchButtonTest -->
  <system-out/>
  <testcase classname="page.HomePageTest" name="nextbuttonTest">
    <skipped/>
  </testcase> <!-- nextbuttonTest -->
  <system-out/>
  <testcase classname="page.HomePageTest" name="userIdfieldTest">
    <skipped/>
  </testcase> <!-- userIdfieldTest -->
  <system-out/>
  <testcase classname="page.HomePageTest" name="cartTest">
    <skipped/>
  </testcase> <!-- cartTest -->
  <system-out/>
</testsuite> <!-- page.HomePageTest -->
